<?xml version="1.0" encoding="UTF-8"?>
<testsuite xmlns:xsi="http://www.w3.org/2001/XMLSchema-instance" xsi:schemaLocation="https://maven.apache.org/surefire/maven-surefire-plugin/xsd/surefire-test-report.xsd" name="tests.SNMPClientGetNextTest" time="0.037" tests="1" errors="1" skipped="0" failures="0">
  <properties>
[...]
</properties>
  <testcase name="getNextTest" classname="tests.SNMPClientGetNextTest" time="0.012">
    <error type="java.lang.NullPointerException">java.lang.NullPointerException
	at tests.SNMPClientGetNextTest.getNextTest(SNMPClientGetNextTest.java:14)
</error>
  </testcase>
</testsuite>